Vercel CLI 50.1.6
Retrieving project…
Deploying yvesmatro-1672s-projects/gap-intel-website
Uploading [--------------------] (0.0B/25.4KB)
Uploading [============--------] (16.0KB/25.4KB)
Uploading [===================-] (25.3KB/25.4KB)
Uploading [====================] (25.4KB/25.4KB)
Inspect: https://vercel.com/yvesmatro-1672s-projects/gap-intel-website/7dKT1ybmQNj3wtPmbkKLyegPgvYR [2s]
Production: https://gap-intel-website-m7qfjnfvl-yvesmatro-1672s-projects.vercel.app [2s]
https://gap-intel-website-m7qfjnfvl-yvesmatro-1672s-projects.vercel.appQueued...
Queued...
Building: Running build in Washington, D.C., USA (East) – iad1
Building: Build machine configuration: 2 cores, 8 GB
Building: Retrieving list of deployment files...
Building: Downloading 65 deployment files...
Building: Restored build cache from previous deployment (Ek2wKyXDrifZzNyJuSk4ds6C2WU3)
Building: Running "vercel build"
Building: Vercel CLI 50.1.6
Building: Installing dependencies...
Building: up to date in 2s
Building: 149 packages are looking for funding
Building: run `npm fund` for details
Building: Detected Next.js version: 16.1.1
Building: Running "npm run build"
Building: > gap-intel-website@0.1.0 build
Building: > next build
Building: ▲ Next.js 16.1.1 (Turbopack)
Building: ⚠ The "middleware" file convention is deprecated. Please use "proxy" instead. Learn more: https://nextjs.org/docs/messages/middleware-to-proxy
Building: Creating an optimized production build ...
Building: ✓ Compiled successfully in 11.2s
Building: Running TypeScript ...
Building: Collecting page data using 1 worker ...
Building: Generating static pages using 1 worker (0/25) ...
Building: Generating static pages using 1 worker (6/25)
Building: Generating static pages using 1 worker (12/25)
Building: Generating static pages using 1 worker (18/25)
Building: ✓ Generating static pages using 1 worker (25/25) in 281.8ms
Building: Finalizing page optimization ...
Building: Route (app)
Building: ┌ ○ /
Building: ├ ○ /_not-found
Building: ├ ƒ /api/billing/portal
Building: ├ ƒ /api/checkout
Building: ├ ƒ /api/checkout/session
Building: ├ ƒ /api/create-subscription
Building: ├ ƒ /api/debug
Building: ├ ƒ /api/debug/reports
Building: ├ ƒ /api/debug/subscription
Building: ├ ƒ /api/debug/youtube
Building: ├ ƒ /api/reports/create
Building: ├ ƒ /api/user/reports
Building: ├ ƒ /api/user/subscription
Building: ├ ƒ /api/user/sync-subscription
Building: ├ ƒ /api/verify-session
Building: ├ ƒ /api/webhook/stripe
Building: ├ ƒ /api/youtube/channel
Building: ├ ƒ /auth/callback
Building: ├ ○ /dashboard
Building: ├ ○ /dashboard/billing
Building: ├ ○ /dashboard/settings
Building: ├ ○ /login
Building: ├ ○ /pricing
Building: ├ ○ /report
Building: ├ ƒ /report/[key]
Building: └ ○ /success
Building: ƒ Proxy (Middleware)
Building: ○  (Static)   prerendered as static content
Building: ƒ  (Dynamic)  server-rendered on demand
Building: Traced Next.js server files in: 56.812ms
Building: Created all serverless functions in: 150.931ms
Building: Collected static files (public/, static/, .next/static): 3.189ms
Building: Build Completed in /vercel/output [24s]
Building: Deploying outputs...
Building: Deployment completed
Building: Creating build cache...
[2K[1A[2K[GProduction: https://gap-intel-website-m7qfjnfvl-yvesmatro-1672s-projects.vercel.app [45s]
Completing...
Aliased: https://www.gapintel.online [45s]
